
                                         
  The "--deamon" option does not exist.  
                                         

[2022-10-31 08:39:38][1] Processing: App\Listeners\OrderCompletedListener
[2022-10-31 08:39:38][1] Failed:     App\Listeners\OrderCompletedListener
[2022-10-31 08:40:56][2] Processing: App\Listeners\OrderCompletedListener
[2022-10-31 08:40:56][2] Failed:     App\Listeners\OrderCompletedListener
[2022-10-31 08:46:20][3] Processing: App\Listeners\OrderCompletedListener
[2022-10-31 08:46:20][3] Failed:     App\Listeners\OrderCompletedListener
[2022-10-31 08:51:08][4] Processing: App\Listeners\OrderCompletedListener
[2022-10-31 08:51:08][4] Failed:     App\Listeners\OrderCompletedListener
[2022-10-31 09:08:35][5] Processing: App\Listeners\OrderCompletedListener
[2022-10-31 09:08:35][5] Failed:     App\Listeners\OrderCompletedListener
[2022-10-31 09:14:15][6] Processing: App\Listeners\OrderCompletedListener
[2022-10-31 09:14:15][6] Failed:     App\Listeners\OrderCompletedListener
[2022-10-31 09:51:55][7] Processing: App\Listeners\OrderCompletedListener
[2022-10-31 09:51:55][7] Failed:     App\Listeners\OrderCompletedListener
[2022-10-31 10:22:16][8] Processing: App\Listeners\OrderCompletedListener
[2022-10-31 10:22:16][8] Failed:     App\Listeners\OrderCompletedListener
[2022-10-31 12:11:07][9] Processing: App\Listeners\OrderCompletedListener
[2022-10-31 12:11:07][9] Failed:     App\Listeners\OrderCompletedListener
[2022-10-31 17:30:28][10] Processing: App\Listeners\OrderCompletedListener
[2022-10-31 17:30:28][10] Failed:     App\Listeners\OrderCompletedListener
[2022-11-02 06:19:23][11] Processing: App\Listeners\OrderCompletedListener
[2022-11-02 06:19:23][11] Failed:     App\Listeners\OrderCompletedListener
[2022-11-02 06:36:51][12] Processing: App\Listeners\OrderCompletedListener
[2022-11-02 06:36:51][12] Failed:     App\Listeners\OrderCompletedListener
[2022-11-02 06:48:09][13] Processing: App\Listeners\OrderCompletedListener
[2022-11-02 06:48:09][13] Failed:     App\Listeners\OrderCompletedListener
[2022-11-02 07:09:28][14] Processing: App\Listeners\OrderCompletedListener
[2022-11-02 07:09:28][14] Failed:     App\Listeners\OrderCompletedListener
[2022-11-02 07:20:24][15] Processing: App\Listeners\OrderCompletedListener
[2022-11-02 07:20:24][15] Processed:  App\Listeners\OrderCompletedListener
[2022-11-02 07:20:24][16] Processing: App\Jobs\ProcessGenerateAndSendTickets
[2022-11-02 07:20:24][16] Processed:  App\Jobs\ProcessGenerateAndSendTickets
[2022-11-02 07:20:24][17] Processing: App\Jobs\SendOrderNotification
[2022-11-02 07:20:25][17] Processed:  App\Jobs\SendOrderNotification
[2022-11-02 07:20:25][18] Processing: App\Jobs\CheckMgurushPaymentStatus
[2022-11-02 07:20:25][19] Processing: App\Jobs\CheckMgurushPaymentStatus
[2022-11-02 07:20:25][20] Processing: App\Jobs\CheckMgurushPaymentStatus
[2022-11-02 07:20:25][20] Failed:     App\Jobs\CheckMgurushPaymentStatus
[2022-11-02 07:24:30][21] Processing: App\Listeners\OrderCompletedListener
[2022-11-02 07:24:30][21] Processed:  App\Listeners\OrderCompletedListener
[2022-11-02 07:24:30][22] Processing: App\Jobs\ProcessGenerateAndSendTickets
[2022-11-02 07:24:30][22] Processed:  App\Jobs\ProcessGenerateAndSendTickets
[2022-11-02 07:24:30][23] Processing: App\Jobs\SendOrderNotification
[2022-11-02 07:24:30][24] Processing: App\Jobs\CheckMgurushPaymentStatus
[2022-11-02 07:24:31][23] Processed:  App\Jobs\SendOrderNotification
[2022-11-02 07:24:31][25] Processing: App\Jobs\CheckMgurushPaymentStatus
[2022-11-02 07:24:32][26] Processing: App\Jobs\CheckMgurushPaymentStatus
[2022-11-02 07:24:32][26] Failed:     App\Jobs\CheckMgurushPaymentStatus
[2022-11-02 07:31:08][27] Processing: App\Listeners\OrderCompletedListener
[2022-11-02 07:31:08][27] Processed:  App\Listeners\OrderCompletedListener
[2022-11-02 07:31:08][28] Processing: App\Jobs\ProcessGenerateAndSendTickets
[2022-11-02 07:31:08][28] Processed:  App\Jobs\ProcessGenerateAndSendTickets
[2022-11-02 07:31:08][29] Processing: App\Jobs\SendOrderNotification
[2022-11-02 07:31:09][29] Processed:  App\Jobs\SendOrderNotification
[2022-11-02 07:31:09][30] Processing: App\Jobs\CheckMgurushPaymentStatus
[2022-11-02 07:31:09][31] Processing: App\Jobs\CheckMgurushPaymentStatus
[2022-11-02 07:31:10][32] Processing: App\Jobs\CheckMgurushPaymentStatus
[2022-11-02 07:31:11][32] Failed:     App\Jobs\CheckMgurushPaymentStatus
[2022-11-02 07:44:16][33] Processing: App\Listeners\OrderCompletedListener
[2022-11-02 07:44:16][33] Processed:  App\Listeners\OrderCompletedListener
[2022-11-02 07:44:16][34] Processing: App\Jobs\ProcessGenerateAndSendTickets
[2022-11-02 07:44:16][34] Processed:  App\Jobs\ProcessGenerateAndSendTickets
[2022-11-02 07:44:16][35] Processing: App\Jobs\SendOrderNotification
[2022-11-02 07:44:17][35] Processed:  App\Jobs\SendOrderNotification
[2022-11-02 07:44:17][36] Processing: App\Jobs\CheckMgurushPaymentStatus
[2022-11-02 07:44:18][37] Processing: App\Jobs\CheckMgurushPaymentStatus
[2022-11-02 07:44:18][38] Processing: App\Jobs\CheckMgurushPaymentStatus
[2022-11-02 07:44:19][38] Failed:     App\Jobs\CheckMgurushPaymentStatus
[2022-11-02 07:48:34][39] Processing: App\Listeners\OrderCompletedListener
[2022-11-02 07:48:34][39] Processed:  App\Listeners\OrderCompletedListener
[2022-11-02 07:48:34][40] Processing: App\Jobs\ProcessGenerateAndSendTickets
[2022-11-02 07:48:34][40] Processed:  App\Jobs\ProcessGenerateAndSendTickets
[2022-11-02 07:48:34][41] Processing: App\Jobs\SendOrderNotification
[2022-11-02 07:48:35][41] Processed:  App\Jobs\SendOrderNotification
[2022-11-02 07:48:35][42] Processing: App\Jobs\CheckMgurushPaymentStatus
[2022-11-02 07:48:36][43] Processing: App\Jobs\CheckMgurushPaymentStatus
[2022-11-02 07:48:36][44] Processing: App\Jobs\CheckMgurushPaymentStatus
[2022-11-02 07:48:37][44] Failed:     App\Jobs\CheckMgurushPaymentStatus
